<?xml version="1.0" encoding="UTF-8"?>
<!-- Generated by org.testng.reporters.JUnitReportReporter -->
<testsuite hostname="DESKTOP-V5UJJLP" failures="0" tests="3" name="testcases.TS_005_Search" time="23.270" errors="0" timestamp="2023-09-17T21:17:38 BDT" skipped="0">
  <testcase classname="testcases.TS_005_Search" name="Verify_SearchIcon" time="7.622"/>
  <testcase classname="testcases.TS_005_Search" name="Verify_Search_With_EnterButton" time="9.544"/>
  <testcase classname="testcases.TS_005_Search" name="Verify_Search_With_NonExisting_Product" time="6.104"/>
</testsuite> <!-- testcases.TS_005_Search -->
