<?xml version="1.0" encoding="UTF-8"?>
<!-- Generated by org.testng.reporters.JUnitReportReporter -->
<testsuite hostname="DESKTOP-V5UJJLP" failures="0" tests="1" name="testcases.TS_004_SignOut" time="15.718" errors="0" timestamp="2023-09-17T19:03:46 BDT" skipped="0">
  <testcase classname="testcases.TS_004_SignOut" name="Verify_Signout_from_Dropdown" time="15.718"/>
</testsuite> <!-- testcases.TS_004_SignOut -->
