<?xml version="1.0" encoding="UTF-8"?>
<!-- Generated by org.testng.reporters.JUnitReportReporter -->
<testsuite hostname="DESKTOP-V5UJJLP" failures="0" tests="3" name="testcases.TS_001_Registration" time="17.626" errors="0" timestamp="2023-09-17T13:22:07 BDT" skipped="0">
  <testcase classname="testcases.TS_001_Registration" name="Registration_With_Valid_info" time="6.778"/>
  <testcase classname="testcases.TS_001_Registration" name="Registration_Without_info" time="4.790"/>
  <testcase classname="testcases.TS_001_Registration" name="Regstration_With_SpecialCharacters" time="6.058"/>
</testsuite> <!-- testcases.TS_001_Registration -->
