<?xml version="1.0" encoding="UTF-8"?>
<!-- Generated by org.testng.reporters.JUnitReportReporter -->
<testsuite hostname="DESKTOP-V5UJJLP" failures="0" tests="3" name="testcases.TS_003_ForgotPassword" time="23.574" errors="0" timestamp="2023-09-17T13:23:37 BDT" skipped="0">
  <testcase classname="testcases.TS_003_ForgotPassword" name="Verify_ForgotPassword_Link" time="8.408"/>
  <testcase classname="testcases.TS_003_ForgotPassword" name="Verify_ForgotPassword_Without_Email" time="7.300"/>
  <testcase classname="testcases.TS_003_ForgotPassword" name="Verify_ForgotPassword_With_NonExitingEmail" time="7.866"/>
</testsuite> <!-- testcases.TS_003_ForgotPassword -->
