<?xml version="1.0" encoding="UTF-8"?>
<!-- Generated by org.testng.reporters.JUnitReportReporter -->
<testsuite hostname="DESKTOP-V5UJJLP" failures="0" tests="1" name="testcases.TS_007_WishList" time="14.678" errors="0" timestamp="2023-09-04T00:50:04 BDT" skipped="0">
  <testcase classname="testcases.TS_007_WishList" name="Share_WishList_From_WishList_Page" time="14.678"/>
</testsuite> <!-- testcases.TS_007_WishList -->
