<?xml version="1.0" encoding="UTF-8"?>
<!-- Generated by org.testng.reporters.JUnitReportReporter -->
<testsuite hostname="DESKTOP-V5UJJLP" failures="0" tests="4" name="testcases.TS_002_SignIn" time="24.455" errors="0" timestamp="2023-09-17T13:22:46 BDT" skipped="0">
  <testcase classname="testcases.TS_002_SignIn" name="Login_With_Valid_Information" time="7.381"/>
  <testcase classname="testcases.TS_002_SignIn" name="Login_With_ValidEmail_and_InvalidPassword" time="6.158"/>
  <testcase classname="testcases.TS_002_SignIn" name="Login_With_InvalidEmail_and_ValidPassword" time="6.108"/>
  <testcase classname="testcases.TS_002_SignIn" name="Login_Without_Info" time="4.808"/>
</testsuite> <!-- testcases.TS_002_SignIn -->
