<?xml version="1.0" encoding="UTF-8"?>
<!-- Generated by org.testng.reporters.JUnitReportReporter -->
<testsuite hostname="DESKTOP-V5UJJLP" failures="0" tests="3" name="testcases.TS_010_MyAccount" time="31.298" errors="0" timestamp="2023-09-17T13:21:34 BDT" skipped="0">
  <testcase classname="testcases.TS_010_MyAccount" name="Navigating_MyAccount_page" time="7.776"/>
  <testcase classname="testcases.TS_010_MyAccount" name="Navigating_Edit_From_MyAccount_page" time="14.562"/>
  <testcase classname="testcases.TS_010_MyAccount" name="Navigating_MyAccount" time="8.960"/>
</testsuite> <!-- testcases.TS_010_MyAccount -->
