<?xml version="1.0" encoding="UTF-8"?>
<!-- Generated by org.testng.reporters.JUnitReportReporter -->
<testsuite hostname="DESKTOP-V5UJJLP" failures="0" tests="1" name="testcases.TS_009_CheckOut" time="14.233" errors="0" timestamp="2023-09-17T12:38:13 BDT" skipped="0">
  <testcase classname="testcases.TS_009_CheckOut" name="Verify_Checkout_Without_Login" time="14.233"/>
</testsuite> <!-- testcases.TS_009_CheckOut -->
